<?xml version="1.0" encoding="UTF-8"?>
<!-- Generated by org.testng.reporters.JUnitReportReporter -->
<testsuite hostname="Prashants-MacBook-Pro.local" failures="0" tests="1" name="TestRunner.CucumberTestRunner" time="5.548" errors="0" timestamp="2023-11-15T21:30:19 IST" skipped="0">
  <testcase classname="TestRunner.CucumberTestRunner" name="runScenario" time="5.548"/>
</testsuite> <!-- TestRunner.CucumberTestRunner -->
